<?xml version="1.0" encoding="UTF-8"?>
<!-- Generated by org.testng.reporters.JUnitReportReporter -->
<testsuite hostname="DESKTOP-99N73JI" failures="0" tests="1" name="tc.qhomepage" time="7.671" errors="0" timestamp="2021-02-07T19:35:51 IST" skipped="0">
  <testcase classname="tc.qhomepage" name="qlogin" time="7.671"/>
</testsuite> <!-- tc.qhomepage -->
